{"C:\\Users\\liviu\\Documents\\FII Master I\\Calitatea sistemelor software\\SQProject-git\\demo\\src\\main\\ui\\index.js": {"path":"C:\\Users\\liviu\\Documents\\FII Master I\\Calitatea sistemelor software\\SQProject-git\\demo\\src\\main\\ui\\index.js","statementMap":{"0":{"start":{"line":1,"column":16},"end":{"line":1,"column":34}},"1":{"start":{"line":2,"column":12},"end":{"line":2,"column":21}},"2":{"start":{"line":3,"column":22},"end":{"line":3,"column":47}},"3":{"start":{"line":5,"column":0},"end":{"line":5,"column":51}},"4":{"start":{"line":6,"column":0},"end":{"line":6,"column":46}},"5":{"start":{"line":7,"column":0},"end":{"line":7,"column":23}},"6":{"start":{"line":8,"column":0},"end":{"line":8,"column":46}},"7":{"start":{"line":9,"column":0},"end":{"line":12,"column":3}},"8":{"start":{"line":14,"column":0},"end":{"line":16,"column":2}},"9":{"start":{"line":15,"column":4},"end":{"line":15,"column":27}},"10":{"start":{"line":19,"column":24},"end":{"line":20,"column":29}},"11":{"start":{"line":22,"column":4},"end":{"line":26,"column":5}},"12":{"start":{"line":23,"column":8},"end":{"line":23,"column":59}},"13":{"start":{"line":25,"column":8},"end":{"line":25,"column":93}},"14":{"start":{"line":28,"column":4},"end":{"line":28,"column":48}},"15":{"start":{"line":29,"column":4},"end":{"line":29,"column":25}},"16":{"start":{"line":33,"column":17},"end":{"line":33,"column":73}},"17":{"start":{"line":34,"column":18},"end":{"line":34,"column":53}},"18":{"start":{"line":35,"column":15},"end":{"line":35,"column":17}},"19":{"start":{"line":36,"column":4},"end":{"line":45,"column":5}},"20":{"start":{"line":38,"column":12},"end":{"line":38,"column":26}},"21":{"start":{"line":39,"column":12},"end":{"line":43,"column":13}},"22":{"start":{"line":41,"column":20},"end":{"line":41,"column":41}},"23":{"start":{"line":46,"column":4},"end":{"line":46,"column":16}},"24":{"start":{"line":49,"column":19},"end":{"line":49,"column":37}},"25":{"start":{"line":50,"column":4},"end":{"line":57,"column":6}},"26":{"start":{"line":51,"column":18},"end":{"line":51,"column":25}},"27":{"start":{"line":52,"column":24},"end":{"line":52,"column":37}},"28":{"start":{"line":53,"column":8},"end":{"line":55,"column":9}},"29":{"start":{"line":54,"column":12},"end":{"line":54,"column":30}},"30":{"start":{"line":56,"column":8},"end":{"line":56,"column":60}},"31":{"start":{"line":58,"column":4},"end":{"line":58,"column":20}},"32":{"start":{"line":61,"column":0},"end":{"line":71,"column":2}},"33":{"start":{"line":62,"column":4},"end":{"line":70,"column":6}},"34":{"start":{"line":64,"column":12},"end":{"line":64,"column":35}},"35":{"start":{"line":66,"column":12},"end":{"line":66,"column":30}},"36":{"start":{"line":67,"column":23},"end":{"line":67,"column":38}},"37":{"start":{"line":68,"column":8},"end":{"line":68,"column":29}},"38":{"start":{"line":69,"column":8},"end":{"line":69,"column":45}},"39":{"start":{"line":73,"column":0},"end":{"line":114,"column":2}},"40":{"start":{"line":75,"column":17},"end":{"line":84,"column":5}},"41":{"start":{"line":86,"column":4},"end":{"line":112,"column":6}},"42":{"start":{"line":104,"column":8},"end":{"line":104,"column":31}},"43":{"start":{"line":106,"column":8},"end":{"line":106,"column":33}},"44":{"start":{"line":107,"column":8},"end":{"line":109,"column":9}},"45":{"start":{"line":108,"column":12},"end":{"line":108,"column":58}},"46":{"start":{"line":110,"column":8},"end":{"line":110,"column":25}},"47":{"start":{"line":111,"column":8},"end":{"line":111,"column":38}},"48":{"start":{"line":116,"column":0},"end":{"line":116,"column":75}},"49":{"start":{"line":116,"column":23},"end":{"line":116,"column":74}},"50":{"start":{"line":118,"column":0},"end":{"line":118,"column":21}}},"fnMap":{"0":{"name":"(anonymous_0)","decl":{"start":{"line":14,"column":13},"end":{"line":14,"column":14}},"loc":{"start":{"line":14,"column":33},"end":{"line":16,"column":1}},"line":14},"1":{"name":"prepareTimeslotData","decl":{"start":{"line":18,"column":9},"end":{"line":18,"column":28}},"loc":{"start":{"line":18,"column":39},"end":{"line":30,"column":1}},"line":18},"2":{"name":"prepareEmptyJson","decl":{"start":{"line":32,"column":9},"end":{"line":32,"column":25}},"loc":{"start":{"line":32,"column":27},"end":{"line":47,"column":1}},"line":32},"3":{"name":"(anonymous_3)","decl":{"start":{"line":37,"column":8},"end":{"line":37,"column":9}},"loc":{"start":{"line":37,"column":17},"end":{"line":44,"column":9}},"line":37},"4":{"name":"(anonymous_4)","decl":{"start":{"line":40,"column":16},"end":{"line":40,"column":17}},"loc":{"start":{"line":40,"column":26},"end":{"line":42,"column":17}},"line":40},"5":{"name":"parseJson","decl":{"start":{"line":48,"column":9},"end":{"line":48,"column":18}},"loc":{"start":{"line":48,"column":24},"end":{"line":59,"column":1}},"line":48},"6":{"name":"(anonymous_6)","decl":{"start":{"line":50,"column":17},"end":{"line":50,"column":18}},"loc":{"start":{"line":50,"column":30},"end":{"line":57,"column":5}},"line":50},"7":{"name":"(anonymous_7)","decl":{"start":{"line":61,"column":22},"end":{"line":61,"column":23}},"loc":{"start":{"line":61,"column":48},"end":{"line":71,"column":1}},"line":61},"8":{"name":"(anonymous_8)","decl":{"start":{"line":63,"column":14},"end":{"line":63,"column":15}},"loc":{"start":{"line":63,"column":34},"end":{"line":65,"column":9}},"line":63},"9":{"name":"(anonymous_9)","decl":{"start":{"line":65,"column":16},"end":{"line":65,"column":17}},"loc":{"start":{"line":65,"column":32},"end":{"line":70,"column":5}},"line":65},"10":{"name":"(anonymous_10)","decl":{"start":{"line":73,"column":20},"end":{"line":73,"column":21}},"loc":{"start":{"line":73,"column":46},"end":{"line":114,"column":1}},"line":73},"11":{"name":"(anonymous_11)","decl":{"start":{"line":103,"column":16},"end":{"line":103,"column":17}},"loc":{"start":{"line":103,"column":36},"end":{"line":105,"column":5}},"line":103},"12":{"name":"(anonymous_12)","decl":{"start":{"line":105,"column":12},"end":{"line":105,"column":13}},"loc":{"start":{"line":105,"column":36},"end":{"line":112,"column":5}},"line":105},"13":{"name":"(anonymous_13)","decl":{"start":{"line":116,"column":17},"end":{"line":116,"column":18}},"loc":{"start":{"line":116,"column":23},"end":{"line":116,"column":74}},"line":116}},"branchMap":{"0":{"loc":{"start":{"line":22,"column":4},"end":{"line":26,"column":5}},"type":"if","locations":[{"start":{"line":22,"column":4},"end":{"line":26,"column":5}},{"start":{"line":24,"column":10},"end":{"line":26,"column":5}}],"line":22},"1":{"loc":{"start":{"line":53,"column":8},"end":{"line":55,"column":9}},"type":"if","locations":[{"start":{"line":53,"column":8},"end":{"line":55,"column":9}},{"start":{},"end":{}}],"line":53},"2":{"loc":{"start":{"line":107,"column":8},"end":{"line":109,"column":9}},"type":"if","locations":[{"start":{"line":107,"column":8},"end":{"line":109,"column":9}},{"start":{},"end":{}}],"line":107}},"s":{"0":1,"1":1,"2":1,"3":1,"4":1,"5":1,"6":1,"7":1,"8":1,"9":1,"10":0,"11":0,"12":0,"13":0,"14":0,"15":0,"16":0,"17":0,"18":0,"19":0,"20":0,"21":0,"22":0,"23":0,"24":0,"25":0,"26":0,"27":0,"28":0,"29":0,"30":0,"31":0,"32":1,"33":0,"34":0,"35":0,"36":0,"37":0,"38":0,"39":1,"40":0,"41":0,"42":0,"43":0,"44":0,"45":0,"46":0,"47":0,"48":1,"49":1,"50":1},"f":{"0":1,"1":0,"2":0,"3":0,"4":0,"5":0,"6":0,"7":0,"8":0,"9":0,"10":0,"11":0,"12":0,"13":1},"b":{"0":[0,0],"1":[0,0],"2":[0,0]},"_coverageSchema":"1a1c01bbd47fc00a2c39e90264f33305004495a9","hash":"3855a91e09a1127a37c1c75dda6f1bf2a6445d36"}
}
